\BOOKMARK [0][-]{chapter.1}{\376\377\000W\000h\000y\000\040\000a\000n\000o\000t\000h\000e\000r\000\040\000E\000D\000A\000\040\000p\000a\000c\000k\000a\000g\000e}{}% 1
\BOOKMARK [0][-]{chapter.2}{\376\377\000H\000l\000a\000v\000n\000\355\000\040\000v\000\375\000h\000o\000d\000y}{}% 2
\BOOKMARK [0][-]{chapter.3}{\376\377\000C\000\355\000l\000e}{}% 3
\BOOKMARK [0][-]{chapter.4}{\376\377\000I\000n\000s\000t\000a\000l\000a\000c\000e}{}% 4
\BOOKMARK [0][-]{chapter.5}{\376\377\000S\000e\000t\000t\000i\000n\000g\000\040\000u\000p\000\040\000a\000\040\000p\000o\000o\000l}{}% 5
\BOOKMARK [0][-]{chapter.6}{\376\377\000V\000y\000t\000v\000o\001\131\000t\000e\000\040\000n\000o\000v\000\375\000\040\000p\000r\000o\000j\000e\000k\000t}{}% 6
\BOOKMARK [0][-]{chapter.7}{\376\377\000D\000r\000a\000w\000\040\000a\000\040\000S\000c\000h\000e\000m\000a\000t\000i\000c}{}% 7
\BOOKMARK [0][-]{chapter.8}{\376\377\000C\000r\000e\000a\000t\000e\000\040\000a\000\040\000B\000o\000a\000r\000d}{}% 8
\BOOKMARK [0][-]{chapter.9}{\376\377\000P\001\131\000\355\000k\000l\000a\000d\000\040\000p\000r\000o\000j\000e\000k\000t\000u}{}% 9
\BOOKMARK [0][-]{chapter.10}{\376\377\000T\000o\000o\000l\000s}{}% 10
\BOOKMARK [0][-]{chapter.11}{\376\377\000S\000p\000a\000c\000e\000b\000a\000r\000\040\000M\000e\000n\000u}{}% 11
\BOOKMARK [0][-]{chapter.12}{\376\377\000G\000r\000i\000d}{}% 12
\BOOKMARK [0][-]{chapter.13}{\376\377\000N\000u\000m\000e\000r\000i\000c\000\040\000E\000n\000t\000r\000i\000e\000s}{}% 13
\BOOKMARK [0][-]{chapter.14}{\376\377\000D\000r\000a\000w\000i\000n\000g}{}% 14
\BOOKMARK [0][-]{chapter.15}{\376\377\000S\000e\000l\000e\000c\000t\000i\000o\000n}{}% 15
\BOOKMARK [0][-]{chapter.16}{\376\377\000M\000o\000v\000i\000n\000g\000\040\000a\000n\000d\000\040\000t\000h\000e\000\040\000i\000n\000t\000e\000r\000a\000c\000t\000i\000v\000e\000\040\000m\000a\000n\000i\000p\000u\000l\000a\000t\000o\000r}{}% 16
\BOOKMARK [0][-]{chapter.17}{\376\377\000L\000a\000y\000e\000r\000s}{}% 17
\BOOKMARK [0][-]{chapter.18}{\376\377\000E\000d\000i\000t\000o\000r\000\040\000s\000c\000h\000\351\000m\000a\000t}{}% 18
\BOOKMARK [0][-]{chapter.19}{\376\377\000E\000d\000i\000t\000o\000r\000\040\000d\000e\000s\000k\000y\000\040\000p\000l\000o\001\141\000n\000\375\000c\000h\000\040\000s\000p\000o\000j\001\157\000\040\000D\000P\000S\000\040\000\050\000P\000C\000B\000\051}{}% 19
\BOOKMARK [0][-]{chapter.20}{\376\377\000K\000o\000p\000\355\000r\000o\000v\000\341\000n\000\355\000\040\000r\000o\000z\000m\000\355\000s\000t\001\033\000n\000\355\000\040\000a\000\040\000u\000m\000\355\000s\000t\001\033\000n\000\355}{}% 20
\BOOKMARK [0][-]{chapter.21}{\376\377\000Z\000p\001\033\000t\000n\000\351\000\040\000\372\000p\000r\000a\000v\000y\000\040\000\050\000B\000a\000c\000k\000a\000n\000o\000t\000a\000t\000i\000o\000n\000\051}{}% 21
\BOOKMARK [0][-]{chapter.22}{\376\377\000P\000r\000a\000v\000i\000d\000l\000a}{}% 22
\BOOKMARK [0][-]{chapter.23}{\376\377\000W\000h\000y\000\040\000a\000\040\000P\000o\000o\000l\000?}{}% 23
\BOOKMARK [0][-]{chapter.24}{\376\377\000F\000o\000n\000d\000\040\000k\000n\000i\000h\000o\000v\000n\000y\000\040\000s\000o\000u\001\015\000\341\000s\000t\000e\000k\000,\000\040\000p\000o\000u\000z\000d\000e\000r\000,\000\040\000p\000\341\000j\000e\000c\000\355\000c\000h\000\040\000m\000\355\000s\000t\000\040\000a\000\040\000s\000c\000h\000e\000m\000a\000t\000i\000c\000k\000\375\000c\000h\000\040\000z\000n\000a\001\015\000e\000k\000\040\000\050\000P\000o\000o\000l\000\051}{}% 24
\BOOKMARK [0][-]{chapter.25}{\376\377\000S\000p\000r\000\341\000v\000c\000e\000\040\000f\000o\000n\000d\000u\000\040\000\050\000P\000o\000o\000l\000\040\000m\000a\000n\000a\000g\000e\000r\000\051}{}% 25
\BOOKMARK [0][-]{chapter.26}{\376\377\000V\000y\000t\000v\000o\001\131\000e\000n\000\355\000\040\000p\000o\000u\000z\000d\000r\000a\000\040\000s\000o\000u\001\015\000\341\000s\000t\000k\000y}{}% 26
\BOOKMARK [0][-]{chapter.27}{\376\377\000C\000o\000n\000t\000r\000i\000b\000u\000t\000e\000\040\000t\000o\000\040\000t\000h\000e\000\040\000P\000o\000o\000l}{}% 27
\BOOKMARK [0][-]{chapter.28}{\376\377\000S\000e\000s\000t\000a\000v\000e\000n\000\355\000\040\000\050\000k\000o\000m\000p\000i\000l\000a\000c\000e\000\051\000\040\000p\000r\000o\000g\000r\000a\000m\000u\000\040\000n\000a\000\040\000o\000p\000e\000r\000a\001\015\000n\000\355\000m\000\040\000s\000y\000s\000t\000\351\000m\000u\000\040\000W\000i\000n\000d\000o\000w\000s}{}% 28
\BOOKMARK [0][-]{chapter.29}{\376\377\000S\000e\000s\000t\000a\000v\000e\000n\000\355\000\040\000\050\000k\000o\000m\000p\000i\000l\000a\000c\000e\000\051\000\040\000p\000r\000o\000g\000r\000a\000m\000u\000\040\000n\000a\000\040\000o\000p\000e\000r\000a\001\015\000n\000\355\000m\000\040\000s\000y\000s\000t\000\351\000m\000u\000\040\000L\000i\000n\000u\000x}{}% 29
\BOOKMARK [0][-]{chapter.30}{\376\377\000P\000a\000r\000a\000m\000e\000t\000r\000y\000\040\000p\000r\000o\000g\000r\000a\000m\000u}{}% 30
\BOOKMARK [0][-]{chapter.31}{\376\377\000P\000o\000p\000i\000s\000\040\000f\000u\000n\000k\000c\000e}{}% 31
\BOOKMARK [0][-]{chapter.32}{\376\377\000P\000o\000u\001\176\000i\000t\000\355\000\040\000p\001\131\000\355\000k\000a\000z\000o\000v\000\351\000h\000o\000\040\001\131\000\341\000d\000k\000u\000\040\000\050\000C\000L\000I\000\040\000C\000o\000m\000m\000a\000n\000d\000\040\000L\000i\000n\000e\000\040\000I\000n\000t\000e\000r\000f\000a\000c\000e\000\051}{}% 32
\BOOKMARK [0][-]{chapter.33}{\376\377\000P\000y\000t\000h\000o\000n\000\040\000m\000o\000d\000u\000l\000e}{}% 33
